#At time x process y state arr w total z remain y wait k
At time 4 process 1 started arr 4 total 12 remain 12 wait 0
At time 8 process 1 stopped arr 4 total 12 remain 8 wait 0
At time 8 process 2 started arr 5 total 6 remain 6 wait 3
At time 12 process 2 stopped arr 5 total 6 remain 2 wait 3
At time 12 process 3 started arr 10 total 8 remain 8 wait 2
At time 16 process 3 stopped arr 10 total 8 remain 4 wait 2
At time 16 process 4 started arr 11 total 5 remain 5 wait 5
At time 20 process 4 stopped arr 11 total 5 remain 1 wait 5
At time 20 process 1 resumed arr 4 total 12 remain 8 wait 12
At time 24 process 1 stopped arr 4 total 12 remain 4 wait 12
At time 24 process 2 resumed arr 5 total 6 remain 2 wait 15
At time 26 process 2 finished arr 5 total 6 remain 0 wait 15 TA 21 WTA 3.50
At time 26 process 3 resumed arr 10 total 8 remain 4 wait 12
At time 30 process 3 finished arr 10 total 8 remain 0 wait 12 TA 20 WTA 2.50
At time 30 process 4 resumed arr 11 total 5 remain 1 wait 15
At time 31 process 4 finished arr 11 total 5 remain 0 wait 15 TA 20 WTA 4.00
At time 31 process 5 started arr 14 total 6 remain 6 wait 17
At time 35 process 5 stopped arr 14 total 6 remain 2 wait 17
At time 35 process 1 resumed arr 4 total 12 remain 4 wait 23
At time 39 process 1 finished arr 4 total 12 remain 0 wait 23 TA 35 WTA 2.92
At time 39 process 5 resumed arr 14 total 6 remain 2 wait 21
At time 41 process 5 finished arr 14 total 6 remain 0 wait 21 TA 27 WTA 4.50
